2026-01-28 20:05:28 | INFO | env | Logging started at 2026-01-28T20:05:28
2026-01-28 20:05:28 | INFO | env | Python: 3.14.2 (tags/v3.14.2:df79316, Dec  5 2025, 17:18:21) [MSC v.1944 64 bit (AMD64)]
2026-01-28 20:05:28 | INFO | env | Platform: Windows-11-10.0.26100-SP0
2026-01-28 20:05:28 | INFO | env | Playwright: 1.57.0
2026-01-28 20:05:28 | INFO | env | Playwright-stealth: 2.0.1
2026-01-28 20:05:31 | INFO | playwright.worker | Launching Playwright browser. url=https://seller.ozon.ru/app/registration/signin?redirect=L3Jldmlld3M%2FX19ycj0xJmFidF9hdHQ9MQ%3D%3D
2026-01-28 20:06:26 | INFO | playwright.worker | Saving storage state to C:\Users\lexa3\Desktop\ozonQt\ozon_ai\data\sessions\ozon_session_20260128_200626_a24f410f86a74875b1a173c6d7d4cce9.json
Windows fatal exception: access violation

Current thread 0x00003b94 [QThread] (most recent call first):
  <invalid frame>

Thread 0x00003c9c (most recent call first):
  File "C:\Users\lexa3\Desktop\ozonQt\ozon_ai\ui\tabs\accounts.py", line 57 in _add_account
  File "C:\Users\lexa3\Desktop\ozonQt\ozon_ai\main.py", line 46 in main
  File "C:\Users\lexa3\Desktop\ozonQt\app.py", line 5 in <module>

Current thread's C stack trace (most recent call first):
  <cannot get C stack on this system>
node:events:486
      throw er; // Unhandled 'error' event
      ^

Error: EPIPE: broken pipe, write
    at Socket._write (node:internal/net:75:18)
    at writeOrBuffer (node:internal/streams/writable:570:12)
    at _write (node:internal/streams/writable:499:10)
    at Writable.write (node:internal/streams/writable:508:10)
    at PipeTransport.send (C:\Users\lexa3\Desktop\ozonQt\venv\Lib\site-packages\playwright\driver\package\lib\server\utils\pipeTransport.js:52:21)
    at dispatcherConnection.onmessage (C:\Users\lexa3\Desktop\ozonQt\venv\Lib\site-packages\playwright\driver\package\lib\cli\driver.js:60:59)
    at DispatcherConnection.sendEvent (C:\Users\lexa3\Desktop\ozonQt\venv\Lib\site-packages\playwright\driver\package\lib\server\dispatchers\dispatcher.js:180:10)
    at BrowserContextDispatcher._dispatchEvent (C:\Users\lexa3\Desktop\ozonQt\venv\Lib\site-packages\playwright\driver\package\lib\server\dispatchers\dispatcher.js:106:21)
    at CRBrowserContext.<anonymous> (C:\Users\lexa3\Desktop\ozonQt\venv\Lib\site-packages\playwright\driver\package\lib\server\dispatchers\browserContextDispatcher.js:135:12)
    at CRBrowserContext.emit (node:events:508:28)
Emitted 'error' event on Socket instance at:
    at emitErrorNT (node:internal/streams/destroy:170:8)
    at emitErrorCloseNT (node:internal/streams/destroy:129:3)
    at process.processTicksAndRejections (node:internal/process/task_queues:89:21) {
  errno: -4047,
  syscall: 'write',
  code: 'EPIPE'
}

Node.js v24.11.1
2026-01-28 20:06:56 | INFO | env | Logging started at 2026-01-28T20:06:56
2026-01-28 20:06:56 | INFO | env | Python: 3.14.2 (tags/v3.14.2:df79316, Dec  5 2025, 17:18:21) [MSC v.1944 64 bit (AMD64)]
2026-01-28 20:06:56 | INFO | env | Platform: Windows-11-10.0.26100-SP0
2026-01-28 20:06:56 | INFO | env | Playwright: 1.57.0
2026-01-28 20:06:56 | INFO | env | Playwright-stealth: 2.0.1
2026-01-28 20:17:08 | INFO | env | Logging started at 2026-01-28T20:17:08
2026-01-28 20:17:08 | INFO | env | Python: 3.14.2 (tags/v3.14.2:df79316, Dec  5 2025, 17:18:21) [MSC v.1944 64 bit (AMD64)]
2026-01-28 20:17:08 | INFO | env | Platform: Windows-11-10.0.26100-SP0
2026-01-28 20:17:08 | INFO | env | Playwright: 1.57.0
2026-01-28 20:17:08 | INFO | env | Playwright-stealth: 2.0.1
2026-01-28 20:17:09 | INFO | playwright.dialog | Starting Playwright runner
2026-01-28 20:17:09 | INFO | env | Logging started at 2026-01-28T20:17:09
2026-01-28 20:17:09 | INFO | env | Python: 3.14.2 (tags/v3.14.2:df79316, Dec  5 2025, 17:18:21) [MSC v.1944 64 bit (AMD64)]
2026-01-28 20:17:09 | INFO | playwright.dialog | runner: 2026-01-28 20:17:09 | INFO | env | Logging started at 2026-01-28T20:17:09
2026-01-28 20:17:09 | INFO | env | Python: 3.14.2 (tags/v3.14.2:df79316, Dec  5 2025, 17:18:21) [MSC v.1944 64 bit (AMD64)]
2026-01-28 20:17:09 | INFO | env | Platform: Windows-11-10.0.26100-SP0
2026-01-28 20:17:09 | INFO | playwright.dialog | runner: 2026-01-28 20:17:09 | INFO | env | Platform: Windows-11-10.0.26100-SP0
2026-01-28 20:17:10 | INFO | env | Playwright: 1.57.0
2026-01-28 20:17:10 | INFO | playwright.dialog | runner: 2026-01-28 20:17:10 | INFO | env | Playwright: 1.57.0
2026-01-28 20:17:10 | INFO | env | Playwright-stealth: 2.0.1
2026-01-28 20:17:10 | INFO | playwright.dialog | runner: 2026-01-28 20:17:10 | INFO | env | Playwright-stealth: 2.0.1
2026-01-28 20:17:10 | INFO | playwright.runner | Runner starting. url=https://httpbin.org/cookies/set?test=1
2026-01-28 20:17:10 | INFO | playwright.dialog | runner: 2026-01-28 20:17:10 | INFO | playwright.runner | Runner starting. url=https://httpbin.org/cookies/set?test=1
2026-01-28 20:17:20 | INFO | playwright.runner | Saving storage state to C:\Users\lexa3\Desktop\ozonQt\ozon_ai\data\sessions\ozon_session_20260128_201720_6a54a1d013024791a7259ae1554c7440.json
2026-01-28 20:17:20 | INFO | playwright.dialog | runner: 2026-01-28 20:17:20 | INFO | playwright.runner | Saving storage state to C:\Users\lexa3\Desktop\ozonQt\ozon_ai\data\sessions\ozon_session_20260128_201720_6a54a1d013024791a7259ae1554c7440.json
2026-01-28 20:17:20 | INFO | playwright.runner | Storage state saved
2026-01-28 20:17:20 | INFO | playwright.dialog | runner: 2026-01-28 20:17:20 | INFO | playwright.runner | Storage state saved
2026-01-28 20:17:21 | INFO | playwright.dialog | Playwright runner finished. code=0 status=ExitStatus.NormalExit
2026-01-28 20:18:43 | INFO | env | Logging started at 2026-01-28T20:18:43
2026-01-28 20:18:43 | INFO | env | Python: 3.14.2 (tags/v3.14.2:df79316, Dec  5 2025, 17:18:21) [MSC v.1944 64 bit (AMD64)]
2026-01-28 20:18:43 | INFO | env | Platform: Windows-11-10.0.26100-SP0
2026-01-28 20:18:43 | INFO | env | Playwright: 1.57.0
2026-01-28 20:18:43 | INFO | env | Playwright-stealth: 2.0.1
2026-01-28 20:18:45 | INFO | playwright.dialog | Starting Playwright runner
2026-01-28 20:18:45 | INFO | env | Logging started at 2026-01-28T20:18:45
2026-01-28 20:18:45 | INFO | env | Python: 3.14.2 (tags/v3.14.2:df79316, Dec  5 2025, 17:18:21) [MSC v.1944 64 bit (AMD64)]
2026-01-28 20:18:45 | INFO | playwright.dialog | runner: 2026-01-28 20:18:45 | INFO | env | Logging started at 2026-01-28T20:18:45
2026-01-28 20:18:45 | INFO | env | Python: 3.14.2 (tags/v3.14.2:df79316, Dec  5 2025, 17:18:21) [MSC v.1944 64 bit (AMD64)]
2026-01-28 20:18:45 | INFO | env | Platform: Windows-11-10.0.26100-SP0
2026-01-28 20:18:45 | INFO | playwright.dialog | runner: 2026-01-28 20:18:45 | INFO | env | Platform: Windows-11-10.0.26100-SP0
2026-01-28 20:18:45 | INFO | env | Playwright: 1.57.0
2026-01-28 20:18:45 | INFO | playwright.dialog | runner: 2026-01-28 20:18:45 | INFO | env | Playwright: 1.57.0
2026-01-28 20:18:45 | INFO | env | Playwright-stealth: 2.0.1
2026-01-28 20:18:45 | INFO | playwright.dialog | runner: 2026-01-28 20:18:45 | INFO | env | Playwright-stealth: 2.0.1
2026-01-28 20:18:45 | INFO | playwright.runner | Runner starting. url=https://seller.ozon.ru/app/registration/signin?redirect=L3Jldmlld3M%2FX19ycj0xJmFidF9hdHQ9MQ%3D%3D
2026-01-28 20:18:45 | INFO | playwright.dialog | runner: 2026-01-28 20:18:45 | INFO | playwright.runner | Runner starting. url=https://seller.ozon.ru/app/registration/signin?redirect=L3Jldmlld3M%2FX19ycj0xJmFidF9hdHQ9MQ%3D%3D
2026-01-28 20:19:29 | INFO | playwright.runner | Saving storage state to C:\Users\lexa3\Desktop\ozonQt\ozon_ai\data\sessions\ozon_session_20260128_201929_18ec82005c494bb7aeaa58dde37fdb91.json
2026-01-28 20:19:29 | INFO | playwright.dialog | runner: 2026-01-28 20:19:29 | INFO | playwright.runner | Saving storage state to C:\Users\lexa3\Desktop\ozonQt\ozon_ai\data\sessions\ozon_session_20260128_201929_18ec82005c494bb7aeaa58dde37fdb91.json
2026-01-28 20:19:29 | INFO | playwright.runner | Storage state saved
2026-01-28 20:19:29 | INFO | playwright.dialog | runner: 2026-01-28 20:19:29 | INFO | playwright.runner | Storage state saved
2026-01-28 20:19:29 | INFO | playwright.dialog | Playwright runner finished. code=0 status=ExitStatus.NormalExit
